C:\Program Files (x86)\MSBuild\Microsoft.Cpp\v4.0\V140\Microsoft.CppBuild.targets(392,5): warning MSB8028: The intermediate directory (Debug\) contains files shared from another project (Forward List.vcxproj).  This can lead to incorrect clean and rebuild behavior.
  main.cpp
d:\sortings and data structures\data-structures-and-sortings\forward list\forward list\singlylinkedlistimpl.hpp(186): warning C4101: 'ex': unreferenced local variable
  d:\sortings and data structures\data-structures-and-sortings\forward list\forward list\singlylinkedlistimpl.hpp(153): note: while compiling class template member function 'Node<T> *SinglyLinkedList<T>::cloneChain(const Node<T> *,Node<T> **)'
          with
          [
              T=String
          ]
  d:\sortings and data structures\data-structures-and-sortings\forward list\forward list\singlylinkedlistimpl.hpp(209): note: see reference to function template instantiation 'Node<T> *SinglyLinkedList<T>::cloneChain(const Node<T> *,Node<T> **)' being compiled
          with
          [
              T=String
          ]
  d:\sortings and data structures\data-structures-and-sortings\forward list\forward list\singlylinkedlistimpl.hpp(200): note: while compiling class template member function 'void SinglyLinkedList<String>::appendList(const SinglyLinkedList<String> &)'
  d:\sortings and data structures\data-structures-and-sortings\forward list\forward list\singlylinkedlistimpl.hpp(320): note: see reference to function template instantiation 'void SinglyLinkedList<String>::appendList(const SinglyLinkedList<String> &)' being compiled
  d:\sortings and data structures\data-structures-and-sortings\forward list\forward list\singlylinkedlistimpl.hpp(315): note: while compiling class template member function 'SinglyLinkedList<String>::SinglyLinkedList(const SinglyLinkedList<String> &)'
  d:\sortings and data structures\data-structures-and-sortings\forward list\forward list\singlylinkedlistimpl.hpp(338): note: see reference to function template instantiation 'SinglyLinkedList<String>::SinglyLinkedList(const SinglyLinkedList<String> &)' being compiled
  d:\sortings and data structures\data-structures-and-sortings\forward list\forward list\singlylinkedlistimpl.hpp(300): note: while compiling class template member function 'SinglyLinkedList<String>::SinglyLinkedList(void)'
  d:\sortings and data structures\data-structures-and-sortings\forward list\forward list\main.cpp(67): note: see reference to function template instantiation 'SinglyLinkedList<String>::SinglyLinkedList(void)' being compiled
  d:\sortings and data structures\data-structures-and-sortings\forward list\forward list\main.cpp(67): note: see reference to class template instantiation 'SinglyLinkedList<String>' being compiled
  Forward List.vcxproj -> D:\Sortings and data structures\Data-structures-and-sortings\Forward List\Debug\Singly-Linked List.exe
  Forward List.vcxproj -> D:\Sortings and data structures\Data-structures-and-sortings\Forward List\Debug\Singly-Linked List.pdb (Full PDB)
