d:\vs\vs_projects\my structures\template dynamic array\debug\vc140.pdb
d:\vs\vs_projects\my structures\template dynamic array\debug\vc140.idb
d:\vs\vs_projects\my structures\template dynamic array\debug\main.obj
d:\sortings and data structures\data-structures-and-sortings\template dynamic array\debug\vc140.pdb
d:\sortings and data structures\data-structures-and-sortings\template dynamic array\debug\vc140.idb
d:\sortings and data structures\data-structures-and-sortings\template dynamic array\debug\main.obj
d:\vs\vs_projects\my structures\template dynamic array\debug\template dynamic array.ilk
d:\vs\vs_projects\my structures\template dynamic array\debug\template dynamic array.exe
d:\vs\vs_projects\my structures\template dynamic array\debug\template dynamic array.pdb
d:\sortings and data structures\data-structures-and-sortings\template dynamic array\debug\template dynamic array.ilk
d:\sortings and data structures\data-structures-and-sortings\template dynamic array\debug\template dynamic array.exe
d:\sortings and data structures\data-structures-and-sortings\template dynamic array\debug\template dynamic array.pdb
d:\sortings and data structures\data-structures-and-sortings\template dynamic array\debug\binary-search trees.ilk
d:\sortings and data structures\data-structures-and-sortings\template dynamic array\debug\dl list test.ilk
d:\sortings and data structures\data-structures-and-sortings\template dynamic array\debug\doubly linked list with iterator.ilk
d:\sortings and data structures\data-structures-and-sortings\template dynamic array\debug\dynamicarraytest.ilk
d:\sortings and data structures\data-structures-and-sortings\template dynamic array\debug\forward linked list.ilk
d:\sortings and data structures\data-structures-and-sortings\template dynamic array\debug\forward list queue.ilk
d:\sortings and data structures\data-structures-and-sortings\template dynamic array\debug\forward list test.ilk
d:\sortings and data structures\data-structures-and-sortings\template dynamic array\debug\hashing.ilk
d:\sortings and data structures\data-structures-and-sortings\template dynamic array\debug\heap and priority queues.ilk
d:\sortings and data structures\data-structures-and-sortings\template dynamic array\debug\linear probing test.ilk
d:\sortings and data structures\data-structures-and-sortings\template dynamic array\debug\linked list.ilk
d:\sortings and data structures\data-structures-and-sortings\template dynamic array\debug\recursive bst.ilk
d:\sortings and data structures\data-structures-and-sortings\template dynamic array\debug\sortings.ilk
d:\sortings and data structures\data-structures-and-sortings\template dynamic array\debug\trees.ilk
d:\sortings and data structures\data-structures-and-sortings\template dynamic array\debug\dl list test.exp
d:\sortings and data structures\data-structures-and-sortings\template dynamic array\debug\dynamicarraytest.exp
d:\sortings and data structures\data-structures-and-sortings\template dynamic array\debug\forward list test.exp
d:\sortings and data structures\data-structures-and-sortings\template dynamic array\debug\linear probing test.exp
d:\sortings and data structures\data-structures-and-sortings\template dynamic array\debug\binary-search trees.pdb
d:\sortings and data structures\data-structures-and-sortings\template dynamic array\debug\dl list test.pdb
d:\sortings and data structures\data-structures-and-sortings\template dynamic array\debug\doubly linked list with iterator.pdb
d:\sortings and data structures\data-structures-and-sortings\template dynamic array\debug\dynamicarraytest.pdb
d:\sortings and data structures\data-structures-and-sortings\template dynamic array\debug\forward linked list.pdb
d:\sortings and data structures\data-structures-and-sortings\template dynamic array\debug\forward list queue.pdb
d:\sortings and data structures\data-structures-and-sortings\template dynamic array\debug\forward list test.pdb
d:\sortings and data structures\data-structures-and-sortings\template dynamic array\debug\hashing.pdb
d:\sortings and data structures\data-structures-and-sortings\template dynamic array\debug\heap and priority queues.pdb
d:\sortings and data structures\data-structures-and-sortings\template dynamic array\debug\linear probing test.pdb
d:\sortings and data structures\data-structures-and-sortings\template dynamic array\debug\linked list.pdb
d:\sortings and data structures\data-structures-and-sortings\template dynamic array\debug\recursive bst.pdb
d:\sortings and data structures\data-structures-and-sortings\template dynamic array\debug\sortings.pdb
d:\sortings and data structures\data-structures-and-sortings\template dynamic array\debug\trees.pdb
d:\sortings and data structures\data-structures-and-sortings\template dynamic array\debug\template.a751a4b4.tlog\cl.command.1.tlog
d:\sortings and data structures\data-structures-and-sortings\template dynamic array\debug\template.a751a4b4.tlog\cl.read.1.tlog
d:\sortings and data structures\data-structures-and-sortings\template dynamic array\debug\template.a751a4b4.tlog\cl.write.1.tlog
d:\sortings and data structures\data-structures-and-sortings\template dynamic array\debug\template.a751a4b4.tlog\link.command.1.tlog
d:\sortings and data structures\data-structures-and-sortings\template dynamic array\debug\template.a751a4b4.tlog\link.read.1.tlog
d:\sortings and data structures\data-structures-and-sortings\template dynamic array\debug\template.a751a4b4.tlog\link.write.1.tlog
