C:\Program Files (x86)\MSBuild\Microsoft.Cpp\v4.0\V140\Microsoft.CppBuild.targets(392,5): warning MSB8028: The intermediate directory (Debug\) contains files shared from another project (Linked List.vcxproj).  This can lead to incorrect clean and rebuild behavior.
  main.cpp
d:\sortings and data structures\data-structures-and-sortings\linked list\forwardlistimpl.hpp(202): warning C4101: 'ex': unreferenced local variable
  d:\sortings and data structures\data-structures-and-sortings\linked list\forwardlistimpl.hpp(169): note: while compiling class template member function 'Node<T> *ForwardList<T>::cloneChain(const Node<T> *,Node<T> **)'
          with
          [
              T=int
          ]
  d:\sortings and data structures\data-structures-and-sortings\linked list\forwardlistimpl.hpp(226): note: see reference to function template instantiation 'Node<T> *ForwardList<T>::cloneChain(const Node<T> *,Node<T> **)' being compiled
          with
          [
              T=int
          ]
  d:\sortings and data structures\data-structures-and-sortings\linked list\forwardlistimpl.hpp(10): note: while compiling class template member function 'bool ForwardList<int>::isEmpty(void) const'
  d:\sortings and data structures\data-structures-and-sortings\linked list\forwardlistimpl.hpp(362): note: see reference to function template instantiation 'bool ForwardList<int>::isEmpty(void) const' being compiled
  d:\sortings and data structures\data-structures-and-sortings\linked list\forwardlistimpl.hpp(302): note: while compiling class template member function 'ForwardList<int>::ForwardList(const ForwardList<int> &)'
  d:\sortings and data structures\data-structures-and-sortings\linked list\main.cpp(16): note: see reference to function template instantiation 'ForwardList<int>::ForwardList(const ForwardList<int> &)' being compiled
  d:\sortings and data structures\data-structures-and-sortings\linked list\main.cpp(11): note: see reference to class template instantiation 'ForwardList<int>' being compiled
  Linked List.vcxproj -> D:\Sortings and data structures\Data-structures-and-sortings\Template Dynamic Array\Debug\Forward Linked List.exe
  Linked List.vcxproj -> D:\Sortings and data structures\Data-structures-and-sortings\Template Dynamic Array\Debug\Forward Linked List.pdb (Full PDB)
