d:\vs\vs_projects\my structures\template dynamic array\sortings\debug\vc140.pdb
d:\vs\vs_projects\my structures\template dynamic array\sortings\debug\vc140.idb
d:\vs\vs_projects\my structures\template dynamic array\sortings\debug\main.obj
d:\sortings and data structures\data-structures-and-sortings\template dynamic array\sortings\debug\vc140.pdb
d:\sortings and data structures\data-structures-and-sortings\template dynamic array\sortings\debug\vc140.idb
d:\sortings and data structures\data-structures-and-sortings\template dynamic array\sortings\debug\main.obj
d:\vs\vs_projects\my structures\template dynamic array\debug\sortings.ilk
d:\vs\vs_projects\my structures\template dynamic array\debug\sortings.exe
d:\vs\vs_projects\my structures\template dynamic array\debug\sortings.pdb
d:\sortings and data structures\data-structures-and-sortings\template dynamic array\debug\sortings.ilk
d:\sortings and data structures\data-structures-and-sortings\template dynamic array\debug\sortings.exe
d:\sortings and data structures\data-structures-and-sortings\template dynamic array\debug\sortings.pdb
d:\sortings and data structures\data-structures-and-sortings\template dynamic array\sortings\debug\sortings.vcxprojresolveassemblyreference.cache
d:\sortings and data structures\data-structures-and-sortings\template dynamic array\sortings\debug\main.obj.enc
d:\sortings and data structures\data-structures-and-sortings\template dynamic array\sortings\debug\sortings.tlog\cl.command.1.tlog
d:\sortings and data structures\data-structures-and-sortings\template dynamic array\sortings\debug\sortings.tlog\cl.read.1.tlog
d:\sortings and data structures\data-structures-and-sortings\template dynamic array\sortings\debug\sortings.tlog\cl.write.1.tlog
d:\sortings and data structures\data-structures-and-sortings\template dynamic array\sortings\debug\sortings.tlog\link.command.1.tlog
d:\sortings and data structures\data-structures-and-sortings\template dynamic array\sortings\debug\sortings.tlog\link.read.1.tlog
d:\sortings and data structures\data-structures-and-sortings\template dynamic array\sortings\debug\sortings.tlog\link.write.1.tlog
